<?xml version="1.0" encoding="UTF-8"?>
<testsuite name="com.vinay.service.impl.BarrierServiceImplTests" time="0.111" tests="12" errors="0" skipped="0" failures="0">
  <properties>
    <property name="java.runtime.name" value="Java(TM) SE Runtime Environment"/>
    <property name="sun.boot.library.path" value="C:\Development\tools\jdk1.8.0_77\jre\bin"/>
    <property name="java.vm.version" value="25.77-b03"/>
    <property name="java.vm.vendor" value="Oracle Corporation"/>
    <property name="maven.multiModuleProjectDirectory" value="C:\Users\S758237\Documents\oyster-master\oyster-master"/>
    <property name="java.vendor.url" value="http://java.oracle.com/"/>
    <property name="path.separator" value=";"/>
    <property name="guice.disable.misplaced.annotation.check" value="true"/>
    <property name="java.vm.name" value="Java HotSpot(TM) 64-Bit Server VM"/>
    <property name="file.encoding.pkg" value="sun.io"/>
    <property name="user.script" value=""/>
    <property name="user.country" value="GB"/>
    <property name="sun.java.launcher" value="SUN_STANDARD"/>
    <property name="sun.os.patch.level" value=""/>
    <property name="java.vm.specification.name" value="Java Virtual Machine Specification"/>
    <property name="user.dir" value="C:\Users\S758237\Documents\oyster-master\oyster-master"/>
    <property name="java.runtime.version" value="1.8.0_77-b03"/>
    <property name="java.awt.graphicsenv" value="sun.awt.Win32GraphicsEnvironment"/>
    <property name="java.endorsed.dirs" value="C:\Development\tools\jdk1.8.0_77\jre\lib\endorsed"/>
    <property name="os.arch" value="amd64"/>
    <property name="java.io.tmpdir" value="C:\Users\S758237\AppData\Local\Temp\"/>
    <property name="line.separator" value="&#10;"/>
    <property name="java.vm.specification.vendor" value="Oracle Corporation"/>
    <property name="user.variant" value=""/>
    <property name="os.name" value="Windows 10"/>
    <property name="classworlds.conf" value="C:\workspace\.metadata\.plugins\org.eclipse.m2e.launching\launches\m2conf2768536169883701631.tmp"/>
    <property name="sun.jnu.encoding" value="Cp1252"/>
    <property name="java.library.path" value="C:\Development\tools\jdk1.8.0_77\jre\bin;C:\WINDOWS\Sun\Java\bin;C:\WINDOWS\system32;C:\WINDOWS;C:/Program Files/Java/jre1.8.0_171/bin/server;C:/Program Files/Java/jre1.8.0_171/bin;C:/Program Files/Java/jre1.8.0_171/lib/amd64;C:\Program Files (x86)\Common Files\Oracle\Java\javapath;C:\WINDOWS\system32;C:\WINDOWS;C:\WINDOWS\System32\Wbem;C:\WINDOWS\System32\WindowsPowerShell\v1.0\;;M:\Ora12c\product\12.1.0\client_1\bin;M:\Ora11g\oraclient11g\product\11.2.0\client_1\bin;C:\Program Files\nodejs\;C:\Users\S758237\scoop\shims;C:\Users\S758237\AppData\Local\Microsoft\WindowsApps;C:\Users\S758237\AppData\Local\Programs\Git\cmd;C:\Program Files\Microsoft VS Code\bin;C:\Users\S758237\AppData\Roaming\npm;C:\Development\tools\sts-bundle\sts-3.9.4.RELEASE;;."/>
    <property name="java.specification.name" value="Java Platform API Specification"/>
    <property name="java.class.version" value="52.0"/>
    <property name="sun.management.compiler" value="HotSpot 64-Bit Tiered Compilers"/>
    <property name="os.version" value="10.0"/>
    <property name="user.home" value="C:\Users\S758237"/>
    <property name="user.timezone" value="Asia/Muscat"/>
    <property name="java.awt.printerjob" value="sun.awt.windows.WPrinterJob"/>
    <property name="java.specification.version" value="1.8"/>
    <property name="file.encoding" value="Cp1252"/>
    <property name="user.name" value="S758237"/>
    <property name="java.class.path" value="C:\Development\tools\sts-bundle\sts-3.9.4.RELEASE\plugins\org.eclipse.m2e.maven.runtime_1.8.3.20180227-2135\jars\plexus-classworlds-2.5.2.jar"/>
    <property name="java.vm.specification.version" value="1.8"/>
    <property name="sun.arch.data.model" value="64"/>
    <property name="java.home" value="C:\Development\tools\jdk1.8.0_77\jre"/>
    <property name="sun.java.command" value="org.codehaus.plexus.classworlds.launcher.Launcher -B clean install"/>
    <property name="java.specification.vendor" value="Oracle Corporation"/>
    <property name="user.language" value="en"/>
    <property name="awt.toolkit" value="sun.awt.windows.WToolkit"/>
    <property name="java.vm.info" value="mixed mode"/>
    <property name="java.version" value="1.8.0_77"/>
    <property name="java.ext.dirs" value="C:\Development\tools\jdk1.8.0_77\jre\lib\ext;C:\WINDOWS\Sun\Java\lib\ext"/>
    <property name="sun.boot.class.path" value="C:\Development\tools\jdk1.8.0_77\jre\lib\resources.jar;C:\Development\tools\jdk1.8.0_77\jre\lib\rt.jar;C:\Development\tools\jdk1.8.0_77\jre\lib\sunrsasign.jar;C:\Development\tools\jdk1.8.0_77\jre\lib\jsse.jar;C:\Development\tools\jdk1.8.0_77\jre\lib\jce.jar;C:\Development\tools\jdk1.8.0_77\jre\lib\charsets.jar;C:\Development\tools\jdk1.8.0_77\jre\lib\jfr.jar;C:\Development\tools\jdk1.8.0_77\jre\classes"/>
    <property name="java.vendor" value="Oracle Corporation"/>
    <property name="maven.home" value="C:\Users\S758237\Documents\oyster-master\oyster-master\EMBEDDED"/>
    <property name="file.separator" value="\"/>
    <property name="java.vendor.url.bug" value="http://bugreport.sun.com/bugreport/"/>
    <property name="sun.cpu.endian" value="little"/>
    <property name="sun.io.unicode.encoding" value="UnicodeLittle"/>
    <property name="sun.desktop" value="windows"/>
    <property name="sun.cpu.isalist" value="amd64"/>
  </properties>
  <testcase name="attemptToPassBarrier_shouldNotRefundFareIfPreviousTubeBarrierWasExit" classname="com.vinay.service.impl.BarrierServiceImplTests" time="0.097"/>
  <testcase name="minZonesCrossed_shouldReturnOneZoneIfOneZoneCrossed" classname="com.vinay.service.impl.BarrierServiceImplTests" time="0"/>
  <testcase name="attemptToPassBarrier_shouldNotRefundFareIfNoPreviousJourney" classname="com.vinay.service.impl.BarrierServiceImplTests" time="0.002"/>
  <testcase name="attemptToPassBarrier_shouldRemoveMaxFareWhenPassingInForTubeJourney" classname="com.vinay.service.impl.BarrierServiceImplTests" time="0.002"/>
  <testcase name="minZonesCrossed_shouldReturnMinimumZonesCrossedIfAmbiguous1" classname="com.vinay.service.impl.BarrierServiceImplTests" time="0.001"/>
  <testcase name="minZonesCrossed_shouldReturnMinimumZonesCrossedIfAmbiguous2" classname="com.vinay.service.impl.BarrierServiceImplTests" time="0"/>
  <testcase name="mustHaveCrossedZoneOne_shouldReturnFalseIfAmbiguous1" classname="com.vinay.service.impl.BarrierServiceImplTests" time="0.001"/>
  <testcase name="mustHaveCrossedZoneOne_shouldReturnFalseIfAmbiguous2" classname="com.vinay.service.impl.BarrierServiceImplTests" time="0.002"/>
  <testcase name="attemptToPassBarrier_shouldAddPassToJourneyRepository" classname="com.vinay.service.impl.BarrierServiceImplTests" time="0.001"/>
  <testcase name="attemptToPassBarrier_shouldRefundPreviousIntoTubeFareIfNewFareIsOutOfTube" classname="com.vinay.service.impl.BarrierServiceImplTests" time="0.001"/>
  <testcase name="mustHaveCrossedZoneOne_shouldReturnTrueIfOnlyInZoneOne" classname="com.vinay.service.impl.BarrierServiceImplTests" time="0.001"/>
  <testcase name="attemptToPassBarrier_shouldOnlyCharge180ForBusJourney" classname="com.vinay.service.impl.BarrierServiceImplTests" time="0.003"/>
</testsuite>